<?xml version="1.0" encoding="UTF-8"?>
<!-- Generated by org.testng.reporters.JUnitXMLReporter -->
<testsuite ignored="0" hostname="NCSI3118" failures="0" tests="3" name="Test" time="83.881" errors="0" timestamp="2026-02-10T19:06:00 IST">
  <testcase classname="Modules.Schedule" name="schedule" time="29.573"/>
  <testcase classname="Modules.SchedulAuthorization" name="schedulauthorization" time="14.292"/>
  <testcase classname="Modules.observation" name="Observation" time="39.888"/>
</testsuite> <!-- Test -->
