<?xml version="1.0" encoding="UTF-8"?>
<testng-results ignored="0" total="3" passed="3" failed="0" skipped="0">
  <reporter-output>
  </reporter-output>
  <suite started-at="2026-02-10T19:04:36 IST" name="Suite" finished-at="2026-02-10T19:06:00 IST" duration-ms="83881">
    <groups>
    </groups>
    <test started-at="2026-02-10T19:04:36 IST" name="Test" finished-at="2026-02-10T19:06:00 IST" duration-ms="83881">
      <class name="Modules.Schedule">
        <test-method signature="schedule()[pri:0, instance:Modules.Schedule@4efbca5a]" started-at="2026-02-10T19:04:36 IST" name="schedule" finished-at="2026-02-10T19:05:06 IST" duration-ms="29573" status="PASS">
          <reporter-output>
          </reporter-output>
        </test-method> <!-- schedule -->
      </class> <!-- Modules.Schedule -->
      <class name="Modules.SchedulAuthorization">
        <test-method signature="schedulauthorization()[pri:0, instance:Modules.SchedulAuthorization@2f9f7dcf]" started-at="2026-02-10T19:05:06 IST" name="schedulauthorization" finished-at="2026-02-10T19:05:20 IST" duration-ms="14292" status="PASS">
          <reporter-output>
          </reporter-output>
        </test-method> <!-- schedulauthorization -->
      </class> <!-- Modules.SchedulAuthorization -->
      <class name="Modules.observation">
        <test-method signature="Observation()[pri:0, instance:Modules.observation@747ddf94]" started-at="2026-02-10T19:05:20 IST" name="Observation" finished-at="2026-02-10T19:06:00 IST" duration-ms="39888" status="PASS">
          <reporter-output>
          </reporter-output>
        </test-method> <!-- Observation -->
      </class> <!-- Modules.observation -->
    </test> <!-- Test -->
  </suite> <!-- Suite -->
</testng-results>
